[INFO]-[2023/12/23 01:28:44] #################### Start Cloning Job ####################
[info]-[2023/12/23 01:28:44] WP Staging Version: 3.2.0
[info]-[2023/12/23 01:28:44] PHP Version: 8.0.30
[info]-[2023/12/23 01:28:44] Server: LiteSpeed
[info]-[2023/12/23 01:28:44] MySQL: 10.6.15
[info]-[2023/12/23 01:28:44] WP Version: 6.4.2
[info]-[2023/12/23 01:28:44] PHP Memory Limit: 2147483648
[info]-[2023/12/23 01:28:44] WP Memory Limit: 41943040
[info]-[2023/12/23 01:28:44] PHP Max Execution Time: 300
[INFO]-[2023/12/23 01:28:44] DB Copy: Creating table wpstg0_cocoon_accesses
[INFO]-[2023/12/23 01:28:44] DB Copy: Table wp_cocoon_accesses contains 313 rows 
[INFO]-[2023/12/23 01:28:44] DB Copy: Copy data from wp_cocoon_accesses to wpstg0_cocoon_accesses - 0 to 10000 records
[INFO]-[2023/12/23 01:28:44] DB Copy: Creating table wpstg0_cocoon_affiliate_tags
[INFO]-[2023/12/23 01:28:44] DB Copy: Table wp_cocoon_affiliate_tags contains 1 rows 
[INFO]-[2023/12/23 01:28:44] DB Copy: Copy data from wp_cocoon_affiliate_tags to wpstg0_cocoon_affiliate_tags - 0 to 10000 records
[INFO]-[2023/12/23 01:28:44] DB Copy: Creating table wpstg0_cocoon_function_texts
[INFO]-[2023/12/23 01:28:44] DB Copy: Table wp_cocoon_function_texts contains 1 rows 
[INFO]-[2023/12/23 01:28:44] DB Copy: Copy data from wp_cocoon_function_texts to wpstg0_cocoon_function_texts - 0 to 10000 records
[INFO]-[2023/12/23 01:28:45] DB Copy: Creating table wpstg0_cocoon_item_rankings
[INFO]-[2023/12/23 01:28:45] DB Copy: Table wp_cocoon_item_rankings contains 0 rows 
[INFO]-[2023/12/23 01:28:45] DB Copy: Creating table wpstg0_cocoon_speech_balloons
[INFO]-[2023/12/23 01:28:45] DB Copy: Table wp_cocoon_speech_balloons contains 10 rows 
[INFO]-[2023/12/23 01:28:45] DB Copy: Copy data from wp_cocoon_speech_balloons to wpstg0_cocoon_speech_balloons - 0 to 10000 records
[INFO]-[2023/12/23 01:28:45] DB Copy: Creating table wpstg0_commentmeta
[INFO]-[2023/12/23 01:28:45] DB Copy: Table wp_commentmeta contains 0 rows 
[INFO]-[2023/12/23 01:28:45] DB Copy: Creating table wpstg0_comments
[INFO]-[2023/12/23 01:28:45] DB Copy: Table wp_comments contains 0 rows 
[INFO]-[2023/12/23 01:28:45] DB Copy: Creating table wpstg0_links
[INFO]-[2023/12/23 01:28:45] DB Copy: Table wp_links contains 0 rows 
[INFO]-[2023/12/23 01:28:45] DB Copy: Creating table wpstg0_options
[INFO]-[2023/12/23 01:28:45] DB Copy: Table wp_options contains 280 rows 
[INFO]-[2023/12/23 01:28:45] DB Copy: Copy data from wp_options to wpstg0_options - 0 to 10000 records
[INFO]-[2023/12/23 01:28:45] DB Copy: Creating table wpstg0_postmeta
[INFO]-[2023/12/23 01:28:45] DB Copy: Table wp_postmeta contains 2926 rows 
[INFO]-[2023/12/23 01:28:45] DB Copy: Copy data from wp_postmeta to wpstg0_postmeta - 0 to 10000 records
[INFO]-[2023/12/23 01:28:45] DB Copy: Creating table wpstg0_posts
[INFO]-[2023/12/23 01:28:45] DB Copy: Table wp_posts contains 564 rows 
[INFO]-[2023/12/23 01:28:45] DB Copy: Copy data from wp_posts to wpstg0_posts - 0 to 10000 records
[INFO]-[2023/12/23 01:28:45] DB Copy: Creating table wpstg0_term_relationships
[INFO]-[2023/12/23 01:28:45] DB Copy: Table wp_term_relationships contains 66 rows 
[INFO]-[2023/12/23 01:28:45] DB Copy: Copy data from wp_term_relationships to wpstg0_term_relationships - 0 to 10000 records
[INFO]-[2023/12/23 01:28:46] DB Copy: Creating table wpstg0_term_taxonomy
[INFO]-[2023/12/23 01:28:46] DB Copy: Table wp_term_taxonomy contains 8 rows 
[INFO]-[2023/12/23 01:28:46] DB Copy: Copy data from wp_term_taxonomy to wpstg0_term_taxonomy - 0 to 10000 records
[INFO]-[2023/12/23 01:28:46] DB Copy: Creating table wpstg0_termmeta
[INFO]-[2023/12/23 01:28:46] DB Copy: Table wp_termmeta contains 0 rows 
[INFO]-[2023/12/23 01:28:46] DB Copy: Creating table wpstg0_terms
[INFO]-[2023/12/23 01:28:46] DB Copy: Table wp_terms contains 8 rows 
[INFO]-[2023/12/23 01:28:46] DB Copy: Copy data from wp_terms to wpstg0_terms - 0 to 10000 records
[INFO]-[2023/12/23 01:28:46] DB Copy: Creating table wpstg0_usermeta
[INFO]-[2023/12/23 01:28:46] DB Copy: Table wp_usermeta contains 86 rows 
[INFO]-[2023/12/23 01:28:46] DB Copy: Copy data from wp_usermeta to wpstg0_usermeta - 0 to 10000 records
[INFO]-[2023/12/23 01:28:46] DB Copy: Creating table wpstg0_users
[INFO]-[2023/12/23 01:28:46] DB Copy: Table wp_users contains 2 rows 
[INFO]-[2023/12/23 01:28:46] DB Copy: Copy data from wp_users to wpstg0_users - 0 to 10000 records
[INFO]-[2023/12/23 01:28:46] DB Search & Replace:  Table wpstg0_cocoon_accesses 0 to 20000 records
[INFO]-[2023/12/23 01:28:46] DB Search & Replace:  Table wpstg0_cocoon_affiliate_tags 0 to 20000 records
[INFO]-[2023/12/23 01:28:47] DB Search & Replace:  Table wpstg0_cocoon_function_texts 0 to 20000 records
[INFO]-[2023/12/23 01:28:47] DB Search & Replace:  Table wpstg0_cocoon_speech_balloons 0 to 20000 records
[INFO]-[2023/12/23 01:28:47] DB Search & Replace:  Table wpstg0_options 0 to 20000 records
[INFO]-[2023/12/23 01:28:47] DB Search & Replace:  Table wpstg0_postmeta 0 to 20000 records
[INFO]-[2023/12/23 01:28:48] DB Search & Replace:  Table wpstg0_posts 0 to 20000 records
[INFO]-[2023/12/23 01:28:48] DB Search & Replace:  Table wpstg0_term_relationships 0 to 20000 records
[INFO]-[2023/12/23 01:28:48] DB Search & Replace:  Table wpstg0_term_taxonomy 0 to 20000 records
[INFO]-[2023/12/23 01:28:48] DB Search & Replace:  Table wpstg0_terms 0 to 20000 records
[INFO]-[2023/12/23 01:28:48] DB Search & Replace:  Table wpstg0_usermeta 0 to 20000 records
[INFO]-[2023/12/23 01:28:48] DB Search & Replace:  Table wpstg0_users 0 to 20000 records
[INFO]-[2023/12/23 01:28:49] Scanning / for its files
[INFO]-[2023/12/23 01:28:49] Scanning wp-content/plugins/ and its sub-directories and files
[INFO]-[2023/12/23 01:28:50] Scanning wp-content/mu-plugins/ and its sub-directories and files
[INFO]-[2023/12/23 01:28:50] Scanning wp-content/themes/ and its sub-directories and files
[INFO]-[2023/12/23 01:28:51] Scanning wp-content/uploads/ and its sub-directories and files
[INFO]-[2023/12/23 01:28:51] Scanning wp-content/ for other directories and files
[INFO]-[2023/12/23 01:28:51] Scanning wp-includes/ for its sub-directories and files
[INFO]-[2023/12/23 01:28:52] Scanning wp-admin/ for its sub-directories and files
[INFO]-[2023/12/23 01:28:52] Copying files...
[INFO]-[2023/12/23 01:28:52] Total 50 files processed
[INFO]-[2023/12/23 01:28:52] Total 100 files processed
[INFO]-[2023/12/23 01:28:52] Total 150 files processed
[INFO]-[2023/12/23 01:28:52] Total 200 files processed
[INFO]-[2023/12/23 01:28:53] Total 250 files processed
[INFO]-[2023/12/23 01:28:53] Total 300 files processed
[INFO]-[2023/12/23 01:28:53] Total 350 files processed
[INFO]-[2023/12/23 01:28:53] Total 400 files processed
[INFO]-[2023/12/23 01:28:53] Total 450 files processed
[INFO]-[2023/12/23 01:28:53] Total 500 files processed
[INFO]-[2023/12/23 01:28:53] Total 550 files processed
[INFO]-[2023/12/23 01:28:54] Total 600 files processed
[INFO]-[2023/12/23 01:28:54] Total 650 files processed
[INFO]-[2023/12/23 01:28:54] Total 700 files processed
[INFO]-[2023/12/23 01:28:54] Total 750 files processed
[INFO]-[2023/12/23 01:28:54] Total 800 files processed
[INFO]-[2023/12/23 01:28:54] Total 850 files processed
[INFO]-[2023/12/23 01:28:54] Total 900 files processed
[INFO]-[2023/12/23 01:28:54] Total 950 files processed
[INFO]-[2023/12/23 01:28:55] Total 1000 files processed
[INFO]-[2023/12/23 01:28:55] Total 1050 files processed
[INFO]-[2023/12/23 01:28:55] Total 1100 files processed
[INFO]-[2023/12/23 01:28:55] Total 1150 files processed
[INFO]-[2023/12/23 01:28:55] Total 1200 files processed
[INFO]-[2023/12/23 01:28:55] Total 1250 files processed
[INFO]-[2023/12/23 01:28:55] Total 1300 files processed
[INFO]-[2023/12/23 01:28:55] Total 1350 files processed
[INFO]-[2023/12/23 01:28:56] Total 1400 files processed
[INFO]-[2023/12/23 01:28:56] Total 1450 files processed
[INFO]-[2023/12/23 01:28:56] Total 1500 files processed
[INFO]-[2023/12/23 01:28:56] Total 1550 files processed
[INFO]-[2023/12/23 01:28:56] Total 1600 files processed
[INFO]-[2023/12/23 01:28:56] Total 1650 files processed
[INFO]-[2023/12/23 01:28:56] Total 1700 files processed
[INFO]-[2023/12/23 01:28:57] Total 1750 files processed
[INFO]-[2023/12/23 01:28:57] Total 1800 files processed
[INFO]-[2023/12/23 01:28:57] Total 1850 files processed
[INFO]-[2023/12/23 01:28:57] Total 1900 files processed
[INFO]-[2023/12/23 01:28:57] Total 1950 files processed
[INFO]-[2023/12/23 01:28:57] Total 2000 files processed
[INFO]-[2023/12/23 01:28:57] Total 2050 files processed
[INFO]-[2023/12/23 01:28:58] Total 2100 files processed
[INFO]-[2023/12/23 01:28:58] Total 2150 files processed
[INFO]-[2023/12/23 01:28:58] Total 2200 files processed
[INFO]-[2023/12/23 01:28:58] Total 2250 files processed
[INFO]-[2023/12/23 01:28:58] Total 2300 files processed
[INFO]-[2023/12/23 01:28:58] Total 2350 files processed
[INFO]-[2023/12/23 01:28:58] Total 2400 files processed
[INFO]-[2023/12/23 01:28:58] Total 2450 files processed
[INFO]-[2023/12/23 01:28:59] Total 2500 files processed
[INFO]-[2023/12/23 01:28:59] Total 2550 files processed
[INFO]-[2023/12/23 01:28:59] Total 2600 files processed
[INFO]-[2023/12/23 01:28:59] Total 2650 files processed
[INFO]-[2023/12/23 01:28:59] Total 2700 files processed
[INFO]-[2023/12/23 01:28:59] Total 2750 files processed
[INFO]-[2023/12/23 01:28:59] Total 2800 files processed
[INFO]-[2023/12/23 01:28:59] Total 2850 files processed
[INFO]-[2023/12/23 01:29:00] Total 2900 files processed
[INFO]-[2023/12/23 01:29:00] Total 2950 files processed
[INFO]-[2023/12/23 01:29:00] Total 3000 files processed
[INFO]-[2023/12/23 01:29:00] Total 3050 files processed
[INFO]-[2023/12/23 01:29:00] Total 3100 files processed
[INFO]-[2023/12/23 01:29:00] Total 3150 files processed
[INFO]-[2023/12/23 01:29:00] Total 3200 files processed
[INFO]-[2023/12/23 01:29:01] Total 3250 files processed
[INFO]-[2023/12/23 01:29:01] Total 3300 files processed
[INFO]-[2023/12/23 01:29:01] Total 3350 files processed
[INFO]-[2023/12/23 01:29:01] Total 3400 files processed
[INFO]-[2023/12/23 01:29:01] Total 3450 files processed
[INFO]-[2023/12/23 01:29:01] Total 3500 files processed
[INFO]-[2023/12/23 01:29:01] Total 3550 files processed
[INFO]-[2023/12/23 01:29:01] Total 3600 files processed
[INFO]-[2023/12/23 01:29:02] Total 3650 files processed
[INFO]-[2023/12/23 01:29:02] Total 3700 files processed
[INFO]-[2023/12/23 01:29:02] Total 3750 files processed
[INFO]-[2023/12/23 01:29:02] Total 3800 files processed
[INFO]-[2023/12/23 01:29:02] Total 3850 files processed
[INFO]-[2023/12/23 01:29:02] Total 3900 files processed
[INFO]-[2023/12/23 01:29:02] Total 3950 files processed
[INFO]-[2023/12/23 01:29:02] Total 4000 files processed
[INFO]-[2023/12/23 01:29:03] Total 4050 files processed
[INFO]-[2023/12/23 01:29:03] Total 4100 files processed
[INFO]-[2023/12/23 01:29:03] Total 4150 files processed
[INFO]-[2023/12/23 01:29:03] Total 4200 files processed
[INFO]-[2023/12/23 01:29:03] Total 4250 files processed
[INFO]-[2023/12/23 01:29:03] Total 4300 files processed
[INFO]-[2023/12/23 01:29:03] Total 4350 files processed
[INFO]-[2023/12/23 01:29:04] Total 4400 files processed
[INFO]-[2023/12/23 01:29:04] Total 4450 files processed
[INFO]-[2023/12/23 01:29:04] Total 4500 files processed
[INFO]-[2023/12/23 01:29:04] Total 4550 files processed
[INFO]-[2023/12/23 01:29:04] Total 4600 files processed
[INFO]-[2023/12/23 01:29:04] Total 4650 files processed
[INFO]-[2023/12/23 01:29:04] Total 4700 files processed
[INFO]-[2023/12/23 01:29:04] Total 4750 files processed
[INFO]-[2023/12/23 01:29:05] Total 4800 files processed
[INFO]-[2023/12/23 01:29:05] Total 4850 files processed
[INFO]-[2023/12/23 01:29:05] Total 4900 files processed
[INFO]-[2023/12/23 01:29:05] Total 4950 files processed
[INFO]-[2023/12/23 01:29:05] Total 5000 files processed
[INFO]-[2023/12/23 01:29:05] Total 5050 files processed
[INFO]-[2023/12/23 01:29:05] Total 5100 files processed
[INFO]-[2023/12/23 01:29:06] Total 5150 files processed
[INFO]-[2023/12/23 01:29:06] Total 5200 files processed
[INFO]-[2023/12/23 01:29:06] Total 5250 files processed
[INFO]-[2023/12/23 01:29:06] Total 5300 files processed
[INFO]-[2023/12/23 01:29:06] Total 5350 files processed
[INFO]-[2023/12/23 01:29:06] Total 5400 files processed
[INFO]-[2023/12/23 01:29:06] Total 5450 files processed
[INFO]-[2023/12/23 01:29:06] Total 5500 files processed
[INFO]-[2023/12/23 01:29:07] Total 5550 files processed
[INFO]-[2023/12/23 01:29:07] Total 5600 files processed
[INFO]-[2023/12/23 01:29:07] Total 5650 files processed
[INFO]-[2023/12/23 01:29:07] Total 5700 files processed
[INFO]-[2023/12/23 01:29:07] Total 5750 files processed
[INFO]-[2023/12/23 01:29:07] Total 5800 files processed
[INFO]-[2023/12/23 01:29:07] Total 5850 files processed
[INFO]-[2023/12/23 01:29:07] Total 5900 files processed
[INFO]-[2023/12/23 01:29:08] Total 5950 files processed
[INFO]-[2023/12/23 01:29:08] Total 6000 files processed
[INFO]-[2023/12/23 01:29:08] Total 6050 files processed
[INFO]-[2023/12/23 01:29:08] Total 6100 files processed
[INFO]-[2023/12/23 01:29:08] Total 6150 files processed
[INFO]-[2023/12/23 01:29:08] Total 6200 files processed
[INFO]-[2023/12/23 01:29:08] Total 6250 files processed
[INFO]-[2023/12/23 01:29:09] Total 6300 files processed
[INFO]-[2023/12/23 01:29:09] Total 6350 files processed
[INFO]-[2023/12/23 01:29:09] Total 6400 files processed
[INFO]-[2023/12/23 01:29:09] Total 6450 files processed
[INFO]-[2023/12/23 01:29:09] Total 6500 files processed
[INFO]-[2023/12/23 01:29:09] Total 6550 files processed
[INFO]-[2023/12/23 01:29:09] Total 6600 files processed
[INFO]-[2023/12/23 01:29:09] Total 6650 files processed
[INFO]-[2023/12/23 01:29:10] Total 6700 files processed
[INFO]-[2023/12/23 01:29:10] Total 6750 files processed
[INFO]-[2023/12/23 01:29:10] Total 6800 files processed
[INFO]-[2023/12/23 01:29:10] Total 6850 files processed
[INFO]-[2023/12/23 01:29:10] Total 6900 files processed
[INFO]-[2023/12/23 01:29:10] Total 6950 files processed
[INFO]-[2023/12/23 01:29:10] Total 7000 files processed
[INFO]-[2023/12/23 01:29:11] Total 7050 files processed
[INFO]-[2023/12/23 01:29:11] Total 7100 files processed
[INFO]-[2023/12/23 01:29:11] Total 7150 files processed
[INFO]-[2023/12/23 01:29:11] Total 7200 files processed
[INFO]-[2023/12/23 01:29:11] Total 7250 files processed
[INFO]-[2023/12/23 01:29:11] Total 7300 files processed
[INFO]-[2023/12/23 01:29:11] Total 7350 files processed
[INFO]-[2023/12/23 01:29:12] Total 7400 files processed
[INFO]-[2023/12/23 01:29:12] Total 7450 files processed
[INFO]-[2023/12/23 01:29:12] Total 7500 files processed
[INFO]-[2023/12/23 01:29:12] Total 7550 files processed
[INFO]-[2023/12/23 01:29:12] Total 7600 files processed
[INFO]-[2023/12/23 01:29:12] Total 7650 files processed
[INFO]-[2023/12/23 01:29:12] Total 7700 files processed
[INFO]-[2023/12/23 01:29:12] Total 7750 files processed
[INFO]-[2023/12/23 01:29:13] Total 7800 files processed
[INFO]-[2023/12/23 01:29:13] Total 7850 files processed
[INFO]-[2023/12/23 01:29:13] Total 7900 files processed
[INFO]-[2023/12/23 01:29:13] Total 7950 files processed
[INFO]-[2023/12/23 01:29:13] Total 8000 files processed
[INFO]-[2023/12/23 01:29:13] Total 8050 files processed
[INFO]-[2023/12/23 01:29:13] Total 8100 files processed
[INFO]-[2023/12/23 01:29:14] Total 8150 files processed
[INFO]-[2023/12/23 01:29:14] Total 8200 files processed
[INFO]-[2023/12/23 01:29:14] Total 8250 files processed
[INFO]-[2023/12/23 01:29:14] Total 8300 files processed
[INFO]-[2023/12/23 01:29:14] Total 8350 files processed
[INFO]-[2023/12/23 01:29:14] Total 8400 files processed
[INFO]-[2023/12/23 01:29:14] Total 8450 files processed
[INFO]-[2023/12/23 01:29:14] Total 8500 files processed
[INFO]-[2023/12/23 01:29:15] Total 8550 files processed
[INFO]-[2023/12/23 01:29:15] Total 8600 files processed
[INFO]-[2023/12/23 01:29:15] Total 8650 files processed
[INFO]-[2023/12/23 01:29:15] Total 8700 files processed
[INFO]-[2023/12/23 01:29:15] Total 8750 files processed
[INFO]-[2023/12/23 01:29:15] Total 8800 files processed
[INFO]-[2023/12/23 01:29:15] Total 8850 files processed
[INFO]-[2023/12/23 01:29:16] Total 8900 files processed
[INFO]-[2023/12/23 01:29:16] Total 8950 files processed
[INFO]-[2023/12/23 01:29:16] Total 9000 files processed
[INFO]-[2023/12/23 01:29:16] Total 9050 files processed
[INFO]-[2023/12/23 01:29:16] Total 9100 files processed
[INFO]-[2023/12/23 01:29:16] Total 9150 files processed
[INFO]-[2023/12/23 01:29:16] Total 9200 files processed
[INFO]-[2023/12/23 01:29:16] Total 9250 files processed
[INFO]-[2023/12/23 01:29:17] Total 9300 files processed
[INFO]-[2023/12/23 01:29:17] Total 9350 files processed
[INFO]-[2023/12/23 01:29:17] Total 9400 files processed
[INFO]-[2023/12/23 01:29:17] Total 9450 files processed
[INFO]-[2023/12/23 01:29:17] Total 9500 files processed
[INFO]-[2023/12/23 01:29:17] Total 9550 files processed
[INFO]-[2023/12/23 01:29:17] Total 9600 files processed
[INFO]-[2023/12/23 01:29:17] Total 9650 files processed
[INFO]-[2023/12/23 01:29:18] Total 9700 files processed
[INFO]-[2023/12/23 01:29:18] Total 9750 files processed
[INFO]-[2023/12/23 01:29:18] Total 9800 files processed
[INFO]-[2023/12/23 01:29:18] Total 9850 files processed
[INFO]-[2023/12/23 01:29:18] Total 9900 files processed
[INFO]-[2023/12/23 01:29:18] Total 9950 files processed
[INFO]-[2023/12/23 01:29:18] Total 10000 files processed
[INFO]-[2023/12/23 01:29:18] Total 10050 files processed
[INFO]-[2023/12/23 01:29:18] Total 10100 files processed
[INFO]-[2023/12/23 01:29:19] Total 10150 files processed
[INFO]-[2023/12/23 01:29:19] Total 10200 files processed
[INFO]-[2023/12/23 01:29:19] Total 10250 files processed
[INFO]-[2023/12/23 01:29:19] Total 10300 files processed
[INFO]-[2023/12/23 01:29:19] Total 10350 files processed
[INFO]-[2023/12/23 01:29:19] Total 10400 files processed
[INFO]-[2023/12/23 01:29:19] Total 10450 files processed
[INFO]-[2023/12/23 01:29:19] Total 10500 files processed
[INFO]-[2023/12/23 01:29:20] Total 10550 files processed
[INFO]-[2023/12/23 01:29:20] Total 10600 files processed
[INFO]-[2023/12/23 01:29:20] Total 10650 files processed
[INFO]-[2023/12/23 01:29:20] Total 10700 files processed
[INFO]-[2023/12/23 01:29:20] Total 10750 files processed
[INFO]-[2023/12/23 01:29:20] Total 10800 files processed
[INFO]-[2023/12/23 01:29:20] Total 10850 files processed
[INFO]-[2023/12/23 01:29:20] Total 10900 files processed
[INFO]-[2023/12/23 01:29:21] Total 10950 files processed
[INFO]-[2023/12/23 01:29:21] Total 11000 files processed
[INFO]-[2023/12/23 01:29:21] Total 11050 files processed
[INFO]-[2023/12/23 01:29:21] Total 11100 files processed
[INFO]-[2023/12/23 01:29:21] Total 11150 files processed
[INFO]-[2023/12/23 01:29:21] Total 11200 files processed
[INFO]-[2023/12/23 01:29:21] Total 11250 files processed
[INFO]-[2023/12/23 01:29:22] Total 11300 files processed
[INFO]-[2023/12/23 01:29:22] Total 11350 files processed
[INFO]-[2023/12/23 01:29:22] Total 11400 files processed
[INFO]-[2023/12/23 01:29:22] Total 11450 files processed
[INFO]-[2023/12/23 01:29:22] Total 11500 files processed
[INFO]-[2023/12/23 01:29:22] Total 11550 files processed
[INFO]-[2023/12/23 01:29:22] Total 11600 files processed
[INFO]-[2023/12/23 01:29:22] Total 11650 files processed
[INFO]-[2023/12/23 01:29:22] Total 11700 files processed
[INFO]-[2023/12/23 01:29:23] Total 11750 files processed
[INFO]-[2023/12/23 01:29:23] Total 11800 files processed
[INFO]-[2023/12/23 01:29:23] Total 11850 files processed
[INFO]-[2023/12/23 01:29:23] Total 11900 files processed
[INFO]-[2023/12/23 01:29:23] Total 11950 files processed
[INFO]-[2023/12/23 01:29:23] Total 12000 files processed
[INFO]-[2023/12/23 01:29:23] Total 12050 files processed
[INFO]-[2023/12/23 01:29:23] Total 12100 files processed
[INFO]-[2023/12/23 01:29:24] Skipped symlinking Wp Uploads Folder
[INFO]-[2023/12/23 01:29:24] Copying files finished
[INFO]-[2023/12/23 01:29:24] DB Data Step 0: Copy wp-config.php file
[INFO]-[2023/12/23 01:29:24] DB Data Step 0: Skipping: wp-config.php already exists in /home/rjc/domains/kyokasugu.com/public_html/kyokasugu-test/wp-config.php
[INFO]-[2023/12/23 01:29:24] DB Data Step 1: Updating siteurl and homeurl in wpstg0_options to https://www.kyokasugu.com/kyokasugu-test
[INFO]-[2023/12/23 01:29:24] DB Data Step 3: Updating db prefix in wpstg0_usermeta.
[INFO]-[2023/12/23 01:29:24] DB Data Step 4: Updating table_prefix in /home/rjc/domains/kyokasugu.com/public_html/kyokasugu-test/wp-config.php to wpstg0_
[INFO]-[2023/12/23 01:29:24] DB Data Step 5: WP installation is not in a subdirectory! Skipping this step
[INFO]-[2023/12/23 01:29:24] DB Data Step 6: Updating db prefix in wpstg0_options.
[INFO]-[2023/12/23 01:29:24] DB Data Step 7: Updating constants in wp-config.php
[INFO]-[2023/12/23 01:29:24] DB Data Step 7: Added constant:WP_LANG_DIR
[INFO]-[2023/12/23 01:29:24] DB Data Step 7: Added constant:WP_HOME
[INFO]-[2023/12/23 01:29:24] DB Data Step 7: Added constant:WP_SITEURL
[INFO]-[2023/12/23 01:29:24] DB Data Step 7: Added constant:WP_CACHE
[INFO]-[2023/12/23 01:29:24] DB Data Step 7: Added constant:DISABLE_WP_CRON
[INFO]-[2023/12/23 01:29:24] DB Data Step 7: Added constant:WP_ENVIRONMENT_TYPE
[INFO]-[2023/12/23 01:29:24] DB Data Step 7: Added constant:WP_DEVELOPMENT_MODE
[INFO]-[2023/12/23 01:29:24] DB Data Step 7: Added constant:WPSTAGING_DEV_SITE
[INFO]-[2023/12/23 01:29:24] DB Data Step 7: Added constant:UPLOADS
[INFO]-[2023/12/23 01:29:24] DB Data Step 7: Added constant:WP_PLUGIN_DIR
[INFO]-[2023/12/23 01:29:24] DB Data Step 7: Added constant:WP_PLUGIN_URL
[INFO]-[2023/12/23 01:29:24] DB Data Step 7: Skipping: WP_ALLOW_MULTISITE not defined in wp-config.php.
[INFO]-[2023/12/23 01:29:24] DB Data Step 7: Skipping: MULTISITE not defined in wp-config.php.
[INFO]-[2023/12/23 01:29:25] Finish: Deleting clone job's cache files...
[INFO]-[2023/12/23 01:29:25] Finish: Clone job's cache files have been deleted!
[INFO]-[2023/12/23 01:29:25] Finish: Verifying existing clones...
[INFO]-[2023/12/23 01:29:25] Finish: The job finished!
[info]-[2023/12/23 01:29:25] ################## FINISH ##################
